1691367745153	geckodriver	INFO	Listening on 127.0.0.1:65089
1691367748196	mozrunner::runner	INFO	Running command: "C:\\Program Files\\Mozilla Firefox\\firefox.exe" "--marionette" "-host=127.0.0.1" "-headless" "--remote-deb ... 0" "--remote-allow-hosts" "localhost" "-no-remote" "-profile" "C:\\Users\\joshw\\AppData\\Local\\Temp\\rust_mozprofileqDGl7Q"
*** You are running in headless mode.
console.warn: services.settings: Ignoring preference override of remote settings server
console.warn: services.settings: Allow by setting MOZ_REMOTE_SETTINGS_DEVTOOLS=1 in the environment
1691367748800	Marionette	INFO	Marionette enabled
Dynamically enable window occlusion 0
1691367748806	Marionette	INFO	Listening on port 65100
console.error: "Warning: unrecognized command line flag -host\n"
Read port: 65100
WebDriver BiDi listening on ws://127.0.0.1:65090
1691367748964	RemoteAgent	WARN	TLS certificate errors will be ignored for this session
[GFX1-]: RenderCompositorSWGL failed mapping default framebuffer, no dt
console.error: ({})
DevTools listening on ws://127.0.0.1:65090/devtools/browser/6878bd9a-babb-46c1-aacb-517bfcf17832
JavaScript warning: https://www.tesco.com/rtkFAt/8QfJ/RuViX/RgS/7mnHs6/DuiJXkOfEihi9m/UQF7/FD/wLVB17YBU, line 1: unreachable code after return statement
JavaScript warning: https://www.tesco.com/rtkFAt/8QfJ/RuViX/RgS/7mnHs6/DuiJXkOfEihi9m/UQF7/FD/wLVB17YBU, line 1: WEBGL_debug_renderer_info is deprecated in Firefox and will be removed. Please use RENDERER.
JavaScript warning: https://www.tesco.com/rtkFAt/8QfJ/RuViX/RgS/7mnHs6/DuiJXkOfEihi9m/UQF7/FD/wLVB17YBU, line 1: WEBGL_debug_renderer_info is deprecated in Firefox and will be removed. Please use RENDERER.
JavaScript warning: https://pagead2.googlesyndication.com/bg/fEcdG_B7pUQXAq0S1D0jGwFCW0QHifFmsZMHxcblrt4.js line 2 > eval line 425 > eval line 1 > eval line 1 > eval, line 1: WEBGL_debug_renderer_info is deprecated in Firefox and will be removed. Please use RENDERER.
1691367757540	Marionette	INFO	Stopped listening on port 65100
Dynamically enable window occlusion 1
1691368033205	geckodriver	INFO	Listening on 127.0.0.1:65376
1691368036275	mozrunner::runner	INFO	Running command: "C:\\Program Files\\Mozilla Firefox\\firefox.exe" "--marionette" "-host=127.0.0.1" "-headless" "--remote-deb ... 7" "--remote-allow-hosts" "localhost" "-no-remote" "-profile" "C:\\Users\\joshw\\AppData\\Local\\Temp\\rust_mozprofile6TWD40"
*** You are running in headless mode.
console.warn: services.settings: Ignoring preference override of remote settings server
console.warn: services.settings: Allow by setting MOZ_REMOTE_SETTINGS_DEVTOOLS=1 in the environment
1691368036695	Marionette	INFO	Marionette enabled
Dynamically enable window occlusion 0
1691368036700	Marionette	INFO	Listening on port 65387
Read port: 65387
console.error: "Warning: unrecognized command line flag -host\n"
WebDriver BiDi listening on ws://127.0.0.1:65377
1691368036827	RemoteAgent	WARN	TLS certificate errors will be ignored for this session
[GFX1-]: RenderCompositorSWGL failed mapping default framebuffer, no dt
console.error: ({})
DevTools listening on ws://127.0.0.1:65377/devtools/browser/0ab72510-e207-4484-aa14-b35582fcc143
JavaScript warning: https://www.tesco.com/rtkFAt/8QfJ/RuViX/RgS/7mnHs6/DuiJXkOfEihi9m/UQF7/FD/wLVB17YBU, line 1: unreachable code after return statement
JavaScript warning: https://www.tesco.com/rtkFAt/8QfJ/RuViX/RgS/7mnHs6/DuiJXkOfEihi9m/UQF7/FD/wLVB17YBU, line 1: WEBGL_debug_renderer_info is deprecated in Firefox and will be removed. Please use RENDERER.
JavaScript warning: https://www.tesco.com/rtkFAt/8QfJ/RuViX/RgS/7mnHs6/DuiJXkOfEihi9m/UQF7/FD/wLVB17YBU, line 1: WEBGL_debug_renderer_info is deprecated in Firefox and will be removed. Please use RENDERER.
JavaScript warning: https://pagead2.googlesyndication.com/bg/fEcdG_B7pUQXAq0S1D0jGwFCW0QHifFmsZMHxcblrt4.js line 2 > eval line 4963 > eval line 1 > eval line 1 > eval, line 1: WEBGL_debug_renderer_info is deprecated in Firefox and will be removed. Please use RENDERER.
1691368045492	Marionette	INFO	Stopped listening on port 65387
Dynamically enable window occlusion 1
1691368070140	geckodriver	INFO	Listening on 127.0.0.1:65472
1691368073207	mozrunner::runner	INFO	Running command: "C:\\Program Files\\Mozilla Firefox\\firefox.exe" "--marionette" "-host=127.0.0.1" "-headless" "--remote-deb ... 3" "--remote-allow-hosts" "localhost" "-no-remote" "-profile" "C:\\Users\\joshw\\AppData\\Local\\Temp\\rust_mozprofileuU1Shk"
*** You are running in headless mode.
console.warn: services.settings: Ignoring preference override of remote settings server
console.warn: services.settings: Allow by setting MOZ_REMOTE_SETTINGS_DEVTOOLS=1 in the environment
1691368073594	Marionette	INFO	Marionette enabled
Dynamically enable window occlusion 0
1691368073599	Marionette	INFO	Listening on port 65483
console.error: "Warning: unrecognized command line flag -host\n"
Read port: 65483
WebDriver BiDi listening on ws://127.0.0.1:65473
1691368073728	RemoteAgent	WARN	TLS certificate errors will be ignored for this session
[GFX1-]: RenderCompositorSWGL failed mapping default framebuffer, no dt
console.error: ({})
DevTools listening on ws://127.0.0.1:65473/devtools/browser/f8928510-9dc6-49ec-a31d-9bae610db4ae
JavaScript warning: https://www.tesco.com/rtkFAt/8QfJ/RuViX/RgS/7mnHs6/DuiJXkOfEihi9m/UQF7/FD/wLVB17YBU, line 1: unreachable code after return statement
JavaScript warning: https://www.tesco.com/rtkFAt/8QfJ/RuViX/RgS/7mnHs6/DuiJXkOfEihi9m/UQF7/FD/wLVB17YBU, line 1: WEBGL_debug_renderer_info is deprecated in Firefox and will be removed. Please use RENDERER.
JavaScript warning: https://www.tesco.com/rtkFAt/8QfJ/RuViX/RgS/7mnHs6/DuiJXkOfEihi9m/UQF7/FD/wLVB17YBU, line 1: WEBGL_debug_renderer_info is deprecated in Firefox and will be removed. Please use RENDERER.
JavaScript warning: https://pagead2.googlesyndication.com/bg/fEcdG_B7pUQXAq0S1D0jGwFCW0QHifFmsZMHxcblrt4.js line 2 > eval line 1544 > eval line 1 > eval line 1 > eval, line 1: WEBGL_debug_renderer_info is deprecated in Firefox and will be removed. Please use RENDERER.
1691368086644	Marionette	INFO	Stopped listening on port 65483
Dynamically enable window occlusion 1
